current time: 0
total number of peers: 0
seeds: 0
leechers: 0
###
current time: 1
total number of peers: 0
seeds: 0
leechers: 0
###
current time: 2
total number of peers: 1
seeds: 1
leechers: 0
###
current time: 3
total number of peers: 1
seeds: 1
leechers: 0
###
current time: 4
total number of peers: 11
seeds: 1
leechers: 10
###
current time: 5
total number of peers: 21
seeds: 1
leechers: 20
###
current time: 6
total number of peers: 31
seeds: 1
leechers: 30
###
current time: 7
total number of peers: 41
seeds: 1
leechers: 40
###
current time: 8
total number of peers: 51
seeds: 1
leechers: 50
###
current time: 9
total number of peers: 61
seeds: 1
leechers: 60
###
current time: 10
total number of peers: 71
seeds: 1
leechers: 70
###
current time: 11
total number of peers: 81
seeds: 1
leechers: 80
###
current time: 12
total number of peers: 91
seeds: 1
leechers: 90
###
current time: 13
total number of peers: 101
seeds: 1
leechers: 100
###
current time: 14
total number of peers: 111
seeds: 1
leechers: 110
###
current time: 15
total number of peers: 121
seeds: 1
leechers: 120
###
current time: 16
total number of peers: 131
seeds: 1
leechers: 130
###
current time: 17
total number of peers: 141
seeds: 1
leechers: 140
###
current time: 18
total number of peers: 151
seeds: 1
leechers: 150
###
current time: 19
total number of peers: 161
seeds: 1
leechers: 160
###
current time: 20
total number of peers: 171
seeds: 1
leechers: 170
###
current time: 21
total number of peers: 181
seeds: 1
leechers: 180
###
current time: 22
total number of peers: 191
seeds: 1
leechers: 190
###
current time: 23
total number of peers: 201
seeds: 1
leechers: 200
###
current time: 24
total number of peers: 211
seeds: 1
leechers: 210
###
current time: 25
total number of peers: 221
seeds: 1
leechers: 220
###
current time: 26
total number of peers: 231
seeds: 1
leechers: 230
###
current time: 27
total number of peers: 241
seeds: 1
leechers: 240
###
current time: 28
total number of peers: 251
seeds: 1
leechers: 250
###
current time: 29
total number of peers: 261
seeds: 1
leechers: 260
###
current time: 30
total number of peers: 271
seeds: 1
leechers: 270
###
current time: 31
total number of peers: 281
seeds: 1
leechers: 280
###
current time: 32
total number of peers: 291
seeds: 1
leechers: 290
###
current time: 33
total number of peers: 301
seeds: 1
leechers: 300
###
current time: 34
total number of peers: 301
seeds: 1
leechers: 300
###
current time: 35
total number of peers: 301
seeds: 1
leechers: 300
###
current time: 36
total number of peers: 301
seeds: 1
leechers: 300
###
current time: 37
total number of peers: 301
seeds: 1
leechers: 300
###
current time: 38
total number of peers: 301
seeds: 1
leechers: 300
###
current time: 39
total number of peers: 301
seeds: 1
leechers: 300
###
current time: 40
total number of peers: 301
seeds: 1
leechers: 300
###
current time: 41
total number of peers: 301
seeds: 1
leechers: 300
###
current time: 42
total number of peers: 301
seeds: 1
leechers: 300
###
current time: 43
total number of peers: 301
seeds: 1
leechers: 300
###
current time: 44
total number of peers: 301
seeds: 1
leechers: 300
###
current time: 45
total number of peers: 301
seeds: 1
leechers: 300
###
current time: 46
total number of peers: 301
seeds: 1
leechers: 300
###
current time: 47
total number of peers: 301
seeds: 1
leechers: 300
###
current time: 48
total number of peers: 301
seeds: 1
leechers: 300
###
current time: 49
total number of peers: 301
seeds: 1
leechers: 300
###
current time: 50
total number of peers: 301
seeds: 1
leechers: 300
###
current time: 51
total number of peers: 301
seeds: 1
leechers: 300
###
current time: 52
total number of peers: 301
seeds: 1
leechers: 300
###
current time: 53
total number of peers: 301
seeds: 3
leechers: 298
###
current time: 54
total number of peers: 301
seeds: 6
leechers: 295
###
current time: 55
total number of peers: 301
seeds: 14
leechers: 287
###
current time: 56
total number of peers: 301
seeds: 21
leechers: 280
###
current time: 57
total number of peers: 301
seeds: 31
leechers: 270
###
current time: 58
total number of peers: 301
seeds: 42
leechers: 259
###
current time: 59
total number of peers: 301
seeds: 53
leechers: 248
###
current time: 60
total number of peers: 301
seeds: 68
leechers: 233
###
current time: 61
total number of peers: 301
seeds: 85
leechers: 216
###
current time: 62
total number of peers: 301
seeds: 104
leechers: 197
###
current time: 63
total number of peers: 301
seeds: 114
leechers: 187
###
current time: 64
total number of peers: 301
seeds: 127
leechers: 174
###
current time: 65
total number of peers: 301
seeds: 142
leechers: 159
###
current time: 66
total number of peers: 301
seeds: 153
leechers: 148
###
current time: 67
total number of peers: 301
seeds: 167
leechers: 134
###
current time: 68
total number of peers: 301
seeds: 181
leechers: 120
###
current time: 69
total number of peers: 301
seeds: 190
leechers: 111
###
current time: 70
total number of peers: 301
seeds: 203
leechers: 98
###
current time: 71
total number of peers: 301
seeds: 215
leechers: 86
###
current time: 72
total number of peers: 301
seeds: 227
leechers: 74
###
current time: 73
total number of peers: 301
seeds: 238
leechers: 63
###
current time: 74
total number of peers: 301
seeds: 250
leechers: 51
###
current time: 75
total number of peers: 301
seeds: 263
leechers: 38
###
current time: 76
total number of peers: 301
seeds: 270
leechers: 31
###
current time: 77
total number of peers: 301
seeds: 277
leechers: 24
###
current time: 78
total number of peers: 301
seeds: 285
leechers: 16
###
current time: 79
total number of peers: 301
seeds: 294
leechers: 7
###
current time: 80
total number of peers: 301
seeds: 296
leechers: 5
###
current time: 81
total number of peers: 301
seeds: 297
leechers: 4
###
current time: 82
total number of peers: 301
seeds: 297
leechers: 4
###
current time: 83
total number of peers: 301
seeds: 300
leechers: 1
###
current time: 84
total number of peers: 301
seeds: 301
leechers: 0
###
